<?xml version="1.0" encoding="UTF-8"?>
<!-- Generated by org.testng.reporters.JUnitXMLReporter -->
<testsuite hostname="LIN34001526" ignored="0" name="Test" tests="11" failures="0" timestamp="2021-09-19T18:34:13 IST" time="0.258" errors="0">
  <testcase name="IMPSTransfer" time="0.021" classname="testNG.BeforeAfterMethod_TestNG"/>
  <testcase name="NEFTTransfer" time="0.006" classname="testNG.BeforeAfterMethod_TestNG"/>
  <testcase name="RTGSTransfer" time="0.009" classname="testNG.BeforeAfterMethod_TestNG"/>
  <testcase name="IMPSTransfer" time="0.006" classname="testNG.TestNgIntro"/>
  <testcase name="RTGSTransfer" time="0.004" classname="testNG.TestNgIntro"/>
  <testcase name="IMPSTransfer" time="0.005" classname="testNG.BeforeAfterSuite_TestNG"/>
  <testcase name="NEFTTransfer" time="0.007" classname="testNG.BeforeAfterSuite_TestNG"/>
  <testcase name="RTGSTransfer" time="0.002" classname="testNG.BeforeAfterSuite_TestNG"/>
  <testcase name="IMPSTransfer" time="0.002" classname="testNG.BeforeAfterClass_TestNG"/>
  <testcase name="NEFTTransfer" time="0.002" classname="testNG.BeforeAfterClass_TestNG"/>
  <testcase name="RTGSTransfer" time="0.003" classname="testNG.BeforeAfterClass_TestNG"/>
</testsuite> <!-- Test -->
