<?xml version="1.0" encoding="UTF-8"?>
<!-- Generated by org.testng.reporters.JUnitXMLReporter -->
<testsuite hostname="LIN34001526" ignored="0" name="anyName1" tests="11" failures="0" timestamp="2021-09-21T14:41:26 IST" time="0.177" errors="0">
  <testcase name="IMPSTransfer" time="0.008" classname="testNG.BeforeAfterMethod_TestNG"/>
  <testcase name="NEFTTransfer" time="0.002" classname="testNG.BeforeAfterMethod_TestNG"/>
  <testcase name="RTGSTransfer" time="0.002" classname="testNG.BeforeAfterMethod_TestNG"/>
  <testcase name="IMPSTransfer" time="0.002" classname="testNG.BeforeAfterClass_TestNG"/>
  <testcase name="NEFTTransfer" time="0.003" classname="testNG.BeforeAfterClass_TestNG"/>
  <testcase name="RTGSTransfer" time="0.002" classname="testNG.BeforeAfterClass_TestNG"/>
  <testcase name="IMPSTransfer" time="0.003" classname="testNG.BeforeAfterSuite_TestNG"/>
  <testcase name="NEFTTransfer" time="0.002" classname="testNG.BeforeAfterSuite_TestNG"/>
  <testcase name="RTGSTransfer" time="0.003" classname="testNG.BeforeAfterSuite_TestNG"/>
  <testcase name="IMPSTransfer" time="0.002" classname="testNG.TestNgIntro"/>
  <testcase name="RTGSTransfer" time="0.01" classname="testNG.TestNgIntro"/>
</testsuite> <!-- anyName1 -->
